# JRE version: Java(TM) SE Runtime Environment (8.0_191-b12) (build 1.8.0_191-b12)
# Java VM: Java HotSpot(TM) 64-Bit Server VM (25.191-b12 mixed mode linux-amd64 compressed oops)
Heap:
 PSYoungGen      total 131584K, used 6892K [0x00000000ec980000, 0x00000000f5380000, 0x0000000100000000)
  eden space 122368K, 0% used [0x00000000ec980000,0x00000000ec980000,0x00000000f4100000)
  from space 9216K, 74% used [0x00000000f4100000,0x00000000f47bb360,0x00000000f4a00000)
  to   space 8704K, 0% used [0x00000000f4a00000,0x00000000f4a00000,0x00000000f5280000)
 ParOldGen       total 38912K, used 12329K [0x00000000c5c00000, 0x00000000c8200000, 0x00000000ec980000)
  object space 38912K, 31% used [0x00000000c5c00000,0x00000000c680a7e8,0x00000000c8200000)
 Metaspace       used 24509K, capacity 25430K, committed 25600K, reserved 1071104K
  class space    used 3281K, capacity 3517K, committed 3584K, reserved 1048576K
GC Heap History (10 events):
Event: 1,454 GC heap after
Heap after GC invocations=3 (full 0):
 PSYoungGen      total 33280K, used 2541K [0x00000000ec980000, 0x00000000f0a80000, 0x0000000100000000)
  eden space 30720K, 0% used [0x00000000ec980000,0x00000000ec980000,0x00000000ee780000)
  from space 2560K, 99% used [0x00000000ee780000,0x00000000ee9fb4f0,0x00000000eea00000)
  to   space 2560K, 0% used [0x00000000f0800000,0x00000000f0800000,0x00000000f0a80000)
 ParOldGen       total 40960K, used 5089K [0x00000000c5c00000, 0x00000000c8400000, 0x00000000ec980000)
  object space 40960K, 12% used [0x00000000c5c00000,0x00000000c60f8530,0x00000000c8400000)
 Metaspace       used 10065K, capacity 10338K, committed 10624K, reserved 1058816K
  class space    used 1228K, capacity 1317K, committed 1408K, reserved 1048576K
}
Event: 1,603 GC heap before
{Heap before GC invocations=4 (full 0):
 PSYoungGen      total 33280K, used 33261K [0x00000000ec980000, 0x00000000f0a80000, 0x0000000100000000)
  eden space 30720K, 100% used [0x00000000ec980000,0x00000000ee780000,0x00000000ee780000)
  from space 2560K, 99% used [0x00000000ee780000,0x00000000ee9fb4f0,0x00000000eea00000)
  to   space 2560K, 0% used [0x00000000f0800000,0x00000000f0800000,0x00000000f0a80000)
 ParOldGen       total 40960K, used 5089K [0x00000000c5c00000, 0x00000000c8400000, 0x00000000ec980000)
  object space 40960K, 12% used [0x00000000c5c00000,0x00000000c60f8530,0x00000000c8400000)
 Metaspace       used 10772K, capacity 11066K, committed 11264K, reserved 1058816K
  class space    used 1335K, capacity 1430K, committed 1536K, reserved 1048576K
Event: 1,616 GC heap after
Heap after GC invocations=4 (full 0):
 PSYoungGen      total 64000K, used 2530K [0x00000000ec980000, 0x00000000f0a80000, 0x0000000100000000)
  eden space 61440K, 0% used [0x00000000ec980000,0x00000000ec980000,0x00000000f0580000)
  from space 2560K, 98% used [0x00000000f0800000,0x00000000f0a78b28,0x00000000f0a80000)
  to   space 2560K, 0% used [0x00000000f0580000,0x00000000f0580000,0x00000000f0800000)
 ParOldGen       total 40960K, used 6131K [0x00000000c5c00000, 0x00000000c8400000, 0x00000000ec980000)
  object space 40960K, 14% used [0x00000000c5c00000,0x00000000c61fcc90,0x00000000c8400000)
 Metaspace       used 10772K, capacity 11066K, committed 11264K, reserved 1058816K
  class space    used 1335K, capacity 1430K, committed 1536K, reserved 1048576K
}
Event: 2,339 GC heap before
{Heap before GC invocations=5 (full 0):
 PSYoungGen      total 64000K, used 63970K [0x00000000ec980000, 0x00000000f0a80000, 0x0000000100000000)
  eden space 61440K, 100% used [0x00000000ec980000,0x00000000f0580000,0x00000000f0580000)
  from space 2560K, 98% used [0x00000000f0800000,0x00000000f0a78b28,0x00000000f0a80000)
  to   space 2560K, 0% used [0x00000000f0580000,0x00000000f0580000,0x00000000f0800000)
 ParOldGen       total 40960K, used 6131K [0x00000000c5c00000, 0x00000000c8400000, 0x00000000ec980000)
  object space 40960K, 14% used [0x00000000c5c00000,0x00000000c61fcc90,0x00000000c8400000)
 Metaspace       used 15702K, capacity 16228K, committed 16384K, reserved 1062912K
  class space    used 2126K, capacity 2274K, committed 2304K, reserved 1048576K
Event: 2,352 GC heap after
Heap after GC invocations=5 (full 0):
 PSYoungGen      total 64000K, used 2540K [0x00000000ec980000, 0x00000000f5280000, 0x0000000100000000)
  eden space 61440K, 0% used [0x00000000ec980000,0x00000000ec980000,0x00000000f0580000)
  from space 2560K, 99% used [0x00000000f0580000,0x00000000f07fb1a8,0x00000000f0800000)
  to   space 8704K, 0% used [0x00000000f4a00000,0x00000000f4a00000,0x00000000f5280000)
 ParOldGen       total 40960K, used 10999K [0x00000000c5c00000, 0x00000000c8400000, 0x00000000ec980000)
  object space 40960K, 26% used [0x00000000c5c00000,0x00000000c66bdeb0,0x00000000c8400000)
 Metaspace       used 15702K, capacity 16228K, committed 16384K, reserved 1062912K
  class space    used 2126K, capacity 2274K, committed 2304K, reserved 1048576K
}
Event: 3,365 GC heap before
{Heap before GC invocations=6 (full 0):
 PSYoungGen      total 64000K, used 48334K [0x00000000ec980000, 0x00000000f5280000, 0x0000000100000000)
  eden space 61440K, 74% used [0x00000000ec980000,0x00000000ef638a08,0x00000000f0580000)
  from space 2560K, 99% used [0x00000000f0580000,0x00000000f07fb1a8,0x00000000f0800000)
  to   space 8704K, 0% used [0x00000000f4a00000,0x00000000f4a00000,0x00000000f5280000)
 ParOldGen       total 40960K, used 10999K [0x00000000c5c00000, 0x00000000c8400000, 0x00000000ec980000)
  object space 40960K, 26% used [0x00000000c5c00000,0x00000000c66bdeb0,0x00000000c8400000)
 Metaspace       used 20663K, capacity 21252K, committed 21296K, reserved 1067008K
  class space    used 2725K, capacity 2924K, committed 2944K, reserved 1048576K
Event: 3,388 GC heap after
Heap after GC invocations=6 (full 0):
 PSYoungGen      total 131072K, used 7452K [0x00000000ec980000, 0x00000000f5380000, 0x0000000100000000)
  eden space 122368K, 0% used [0x00000000ec980000,0x00000000ec980000,0x00000000f4100000)
  from space 8704K, 85% used [0x00000000f4a00000,0x00000000f5147150,0x00000000f5280000)
  to   space 9216K, 0% used [0x00000000f4100000,0x00000000f4100000,0x00000000f4a00000)
 ParOldGen       total 40960K, used 11007K [0x00000000c5c00000, 0x00000000c8400000, 0x00000000ec980000)
  object space 40960K, 26% used [0x00000000c5c00000,0x00000000c66bfeb0,0x00000000c8400000)
 Metaspace       used 20663K, capacity 21252K, committed 21296K, reserved 1067008K
  class space    used 2725K, capacity 2924K, committed 2944K, reserved 1048576K
}
Event: 3,388 GC heap before
{Heap before GC invocations=7 (full 1):
 PSYoungGen      total 131072K, used 7452K [0x00000000ec980000, 0x00000000f5380000, 0x0000000100000000)
  eden space 122368K, 0% used [0x00000000ec980000,0x00000000ec980000,0x00000000f4100000)
  from space 8704K, 85% used [0x00000000f4a00000,0x00000000f5147150,0x00000000f5280000)
  to   space 9216K, 0% used [0x00000000f4100000,0x00000000f4100000,0x00000000f4a00000)
 ParOldGen       total 40960K, used 11007K [0x00000000c5c00000, 0x00000000c8400000, 0x00000000ec980000)
  object space 40960K, 26% used [0x00000000c5c00000,0x00000000c66bfeb0,0x00000000c8400000)
 Metaspace       used 20663K, capacity 21252K, committed 21296K, reserved 1067008K
  class space    used 2725K, capacity 2924K, committed 2944K, reserved 1048576K
Event: 3,462 GC heap after
Heap after GC invocations=7 (full 1):
 PSYoungGen      total 131072K, used 0K [0x00000000ec980000, 0x00000000f5380000, 0x0000000100000000)
  eden space 122368K, 0% used [0x00000000ec980000,0x00000000ec980000,0x00000000f4100000)
  from space 8704K, 0% used [0x00000000f4a00000,0x00000000f4a00000,0x00000000f5280000)
  to   space 9216K, 0% used [0x00000000f4100000,0x00000000f4100000,0x00000000f4a00000)
 ParOldGen       total 38912K, used 12321K [0x00000000c5c00000, 0x00000000c8200000, 0x00000000ec980000)
  object space 38912K, 31% used [0x00000000c5c00000,0x00000000c68087e8,0x00000000c8200000)
 Metaspace       used 20660K, capacity 21240K, committed 21296K, reserved 1067008K
  class space    used 2724K, capacity 2922K, committed 2944K, reserved 1048576K
}
Event: 4,442 GC heap before
{Heap before GC invocations=8 (full 1):
 PSYoungGen      total 131072K, used 122317K [0x00000000ec980000, 0x00000000f5380000, 0x0000000100000000)
  eden space 122368K, 99% used [0x00000000ec980000,0x00000000f40f3590,0x00000000f4100000)
  from space 8704K, 0% used [0x00000000f4a00000,0x00000000f4a00000,0x00000000f5280000)
  to   space 9216K, 0% used [0x00000000f4100000,0x00000000f4100000,0x00000000f4a00000)
 ParOldGen       total 38912K, used 12321K [0x00000000c5c00000, 0x00000000c8200000, 0x00000000ec980000)
  object space 38912K, 31% used [0x00000000c5c00000,0x00000000c68087e8,0x00000000c8200000)
 Metaspace       used 24509K, capacity 25430K, committed 25600K, reserved 1071104K
  class space    used 3281K, capacity 3517K, committed 3584K, reserved 1048576K

