# JRE version: Java(TM) SE Runtime Environment (8.0_191-b12) (build 1.8.0_191-b12)
# Java VM: Java HotSpot(TM) 64-Bit Server VM (25.191-b12 mixed mode linux-amd64 compressed oops)
Heap:
 PSYoungGen      total 129536K, used 6649K [0x00000000ec980000, 0x00000000f4f80000, 0x0000000100000000)
  eden space 121856K, 0% used [0x00000000ec980000,0x00000000ec980000,0x00000000f4080000)
  from space 7680K, 86% used [0x00000000f4080000,0x00000000f46fe6a8,0x00000000f4800000)
  to   space 7168K, 0% used [0x00000000f4880000,0x00000000f4880000,0x00000000f4f80000)
 ParOldGen       total 30208K, used 6891K [0x00000000c5c00000, 0x00000000c7980000, 0x00000000ec980000)
  object space 30208K, 22% used [0x00000000c5c00000,0x00000000c62bacf8,0x00000000c7980000)
 Metaspace       used 24572K, capacity 25490K, committed 25600K, reserved 1071104K
  class space    used 3291K, capacity 3517K, committed 3584K, reserved 1048576K
GC Heap History (10 events):
Event: 1,463 GC heap after
Heap after GC invocations=5 (full 0):
 PSYoungGen      total 33280K, used 2546K [0x00000000ec980000, 0x00000000f1280000, 0x0000000100000000)
  eden space 30720K, 0% used [0x00000000ec980000,0x00000000ec980000,0x00000000ee780000)
  from space 2560K, 99% used [0x00000000ee780000,0x00000000ee9fcb38,0x00000000eea00000)
  to   space 6656K, 0% used [0x00000000f0c00000,0x00000000f0c00000,0x00000000f1280000)
 ParOldGen       total 40960K, used 6009K [0x00000000c5c00000, 0x00000000c8400000, 0x00000000ec980000)
  object space 40960K, 14% used [0x00000000c5c00000,0x00000000c61de578,0x00000000c8400000)
 Metaspace       used 10808K, capacity 11070K, committed 11264K, reserved 1058816K
  class space    used 1334K, capacity 1430K, committed 1536K, reserved 1048576K
}
Event: 1,706 GC heap before
{Heap before GC invocations=6 (full 0):
 PSYoungGen      total 33280K, used 33266K [0x00000000ec980000, 0x00000000f1280000, 0x0000000100000000)
  eden space 30720K, 100% used [0x00000000ec980000,0x00000000ee780000,0x00000000ee780000)
  from space 2560K, 99% used [0x00000000ee780000,0x00000000ee9fcb38,0x00000000eea00000)
  to   space 6656K, 0% used [0x00000000f0c00000,0x00000000f0c00000,0x00000000f1280000)
 ParOldGen       total 40960K, used 6009K [0x00000000c5c00000, 0x00000000c8400000, 0x00000000ec980000)
  object space 40960K, 14% used [0x00000000c5c00000,0x00000000c61de578,0x00000000c8400000)
 Metaspace       used 14032K, capacity 14426K, committed 14720K, reserved 1062912K
  class space    used 1755K, capacity 1897K, committed 1920K, reserved 1048576K
Event: 1,715 GC heap after
Heap after GC invocations=6 (full 0):
 PSYoungGen      total 67584K, used 5305K [0x00000000ec980000, 0x00000000f1380000, 0x0000000100000000)
  eden space 60928K, 0% used [0x00000000ec980000,0x00000000ec980000,0x00000000f0500000)
  from space 6656K, 79% used [0x00000000f0c00000,0x00000000f112e6f8,0x00000000f1280000)
  to   space 7168K, 0% used [0x00000000f0500000,0x00000000f0500000,0x00000000f0c00000)
 ParOldGen       total 40960K, used 6017K [0x00000000c5c00000, 0x00000000c8400000, 0x00000000ec980000)
  object space 40960K, 14% used [0x00000000c5c00000,0x00000000c61e0578,0x00000000c8400000)
 Metaspace       used 14032K, capacity 14426K, committed 14720K, reserved 1062912K
  class space    used 1755K, capacity 1897K, committed 1920K, reserved 1048576K
}
Event: 2,119 GC heap before
{Heap before GC invocations=7 (full 0):
 PSYoungGen      total 67584K, used 66233K [0x00000000ec980000, 0x00000000f1380000, 0x0000000100000000)
  eden space 60928K, 100% used [0x00000000ec980000,0x00000000f0500000,0x00000000f0500000)
  from space 6656K, 79% used [0x00000000f0c00000,0x00000000f112e6f8,0x00000000f1280000)
  to   space 7168K, 0% used [0x00000000f0500000,0x00000000f0500000,0x00000000f0c00000)
 ParOldGen       total 40960K, used 6017K [0x00000000c5c00000, 0x00000000c8400000, 0x00000000ec980000)
  object space 40960K, 14% used [0x00000000c5c00000,0x00000000c61e0578,0x00000000c8400000)
 Metaspace       used 18798K, capacity 19362K, committed 19584K, reserved 1067008K
  class space    used 2478K, capacity 2631K, committed 2688K, reserved 1048576K
Event: 2,135 GC heap after
Heap after GC invocations=7 (full 0):
 PSYoungGen      total 68096K, used 7117K [0x00000000ec980000, 0x00000000f5080000, 0x0000000100000000)
  eden space 60928K, 0% used [0x00000000ec980000,0x00000000ec980000,0x00000000f0500000)
  from space 7168K, 99% used [0x00000000f0500000,0x00000000f0bf34f8,0x00000000f0c00000)
  to   space 8192K, 0% used [0x00000000f4880000,0x00000000f4880000,0x00000000f5080000)
 ParOldGen       total 40960K, used 8084K [0x00000000c5c00000, 0x00000000c8400000, 0x00000000ec980000)
  object space 40960K, 19% used [0x00000000c5c00000,0x00000000c63e5330,0x00000000c8400000)
 Metaspace       used 18798K, capacity 19362K, committed 19584K, reserved 1067008K
  class space    used 2478K, capacity 2631K, committed 2688K, reserved 1048576K
}
Event: 2,262 GC heap before
{Heap before GC invocations=8 (full 0):
 PSYoungGen      total 68096K, used 24468K [0x00000000ec980000, 0x00000000f5080000, 0x0000000100000000)
  eden space 60928K, 28% used [0x00000000ec980000,0x00000000eda71c18,0x00000000f0500000)
  from space 7168K, 99% used [0x00000000f0500000,0x00000000f0bf34f8,0x00000000f0c00000)
  to   space 8192K, 0% used [0x00000000f4880000,0x00000000f4880000,0x00000000f5080000)
 ParOldGen       total 40960K, used 8084K [0x00000000c5c00000, 0x00000000c8400000, 0x00000000ec980000)
  object space 40960K, 19% used [0x00000000c5c00000,0x00000000c63e5330,0x00000000c8400000)
 Metaspace       used 20687K, capacity 21230K, committed 21296K, reserved 1067008K
  class space    used 2734K, capacity 2893K, committed 2944K, reserved 1048576K
Event: 2,268 GC heap after
Heap after GC invocations=8 (full 0):
 PSYoungGen      total 129024K, used 4354K [0x00000000ec980000, 0x00000000f4f80000, 0x0000000100000000)
  eden space 121856K, 0% used [0x00000000ec980000,0x00000000ec980000,0x00000000f4080000)
  from space 7168K, 60% used [0x00000000f4880000,0x00000000f4cc0978,0x00000000f4f80000)
  to   space 7680K, 0% used [0x00000000f4080000,0x00000000f4080000,0x00000000f4800000)
 ParOldGen       total 40960K, used 8235K [0x00000000c5c00000, 0x00000000c8400000, 0x00000000ec980000)
  object space 40960K, 20% used [0x00000000c5c00000,0x00000000c640aca8,0x00000000c8400000)
 Metaspace       used 20687K, capacity 21230K, committed 21296K, reserved 1067008K
  class space    used 2734K, capacity 2893K, committed 2944K, reserved 1048576K
}
Event: 2,268 GC heap before
{Heap before GC invocations=9 (full 1):
 PSYoungGen      total 129024K, used 4354K [0x00000000ec980000, 0x00000000f4f80000, 0x0000000100000000)
  eden space 121856K, 0% used [0x00000000ec980000,0x00000000ec980000,0x00000000f4080000)
  from space 7168K, 60% used [0x00000000f4880000,0x00000000f4cc0978,0x00000000f4f80000)
  to   space 7680K, 0% used [0x00000000f4080000,0x00000000f4080000,0x00000000f4800000)
 ParOldGen       total 40960K, used 8235K [0x00000000c5c00000, 0x00000000c8400000, 0x00000000ec980000)
  object space 40960K, 20% used [0x00000000c5c00000,0x00000000c640aca8,0x00000000c8400000)
 Metaspace       used 20687K, capacity 21230K, committed 21296K, reserved 1067008K
  class space    used 2734K, capacity 2893K, committed 2944K, reserved 1048576K
Event: 2,339 GC heap after
Heap after GC invocations=9 (full 1):
 PSYoungGen      total 129024K, used 0K [0x00000000ec980000, 0x00000000f4f80000, 0x0000000100000000)
  eden space 121856K, 0% used [0x00000000ec980000,0x00000000ec980000,0x00000000f4080000)
  from space 7168K, 0% used [0x00000000f4880000,0x00000000f4880000,0x00000000f4f80000)
  to   space 7680K, 0% used [0x00000000f4080000,0x00000000f4080000,0x00000000f4800000)
 ParOldGen       total 30208K, used 6819K [0x00000000c5c00000, 0x00000000c7980000, 0x00000000ec980000)
  object space 30208K, 22% used [0x00000000c5c00000,0x00000000c62a8ce8,0x00000000c7980000)
 Metaspace       used 20686K, capacity 21224K, committed 21296K, reserved 1067008K
  class space    used 2734K, capacity 2892K, committed 2944K, reserved 1048576K
}
Event: 3,195 GC heap before
{Heap before GC invocations=10 (full 1):
 PSYoungGen      total 129024K, used 121853K [0x00000000ec980000, 0x00000000f4f80000, 0x0000000100000000)
  eden space 121856K, 99% used [0x00000000ec980000,0x00000000f407f790,0x00000000f4080000)
  from space 7168K, 0% used [0x00000000f4880000,0x00000000f4880000,0x00000000f4f80000)
  to   space 7680K, 0% used [0x00000000f4080000,0x00000000f4080000,0x00000000f4800000)
 ParOldGen       total 30208K, used 6819K [0x00000000c5c00000, 0x00000000c7980000, 0x00000000ec980000)
  object space 30208K, 22% used [0x00000000c5c00000,0x00000000c62a8ce8,0x00000000c7980000)
 Metaspace       used 24572K, capacity 25490K, committed 25600K, reserved 1071104K
  class space    used 3291K, capacity 3517K, committed 3584K, reserved 1048576K

