# JRE version: Java(TM) SE Runtime Environment (8.0_191-b12) (build 1.8.0_191-b12)
# Java VM: Java HotSpot(TM) 64-Bit Server VM (25.191-b12 mixed mode linux-amd64 compressed oops)
Heap:
 PSYoungGen      total 201216K, used 12786K [0x00000000ec980000, 0x00000000f9c80000, 0x0000000100000000)
  eden space 188416K, 0% used [0x00000000ec980000,0x00000000ec980000,0x00000000f8180000)
  from space 12800K, 99% used [0x00000000f8380000,0x00000000f8ffcaf0,0x00000000f9000000)
  to   space 9216K, 0% used [0x00000000f9380000,0x00000000f9380000,0x00000000f9c80000)
 ParOldGen       total 56320K, used 23542K [0x00000000c5c00000, 0x00000000c9300000, 0x00000000ec980000)
  object space 56320K, 41% used [0x00000000c5c00000,0x00000000c72fdae8,0x00000000c9300000)
 Metaspace       used 47042K, capacity 49498K, committed 49792K, reserved 1091584K
  class space    used 6541K, capacity 6988K, committed 7040K, reserved 1048576K
GC Heap History (10 events):
Event: 5,850 GC heap after
Heap after GC invocations=10 (full 1):
 PSYoungGen      total 128000K, used 8160K [0x00000000ec980000, 0x00000000f6800000, 0x0000000100000000)
  eden space 119808K, 0% used [0x00000000ec980000,0x00000000ec980000,0x00000000f3e80000)
  from space 8192K, 99% used [0x00000000f3e80000,0x00000000f4678220,0x00000000f4680000)
  to   space 9216K, 0% used [0x00000000f5f00000,0x00000000f5f00000,0x00000000f6800000)
 ParOldGen       total 34816K, used 11155K [0x00000000c5c00000, 0x00000000c7e00000, 0x00000000ec980000)
  object space 34816K, 32% used [0x00000000c5c00000,0x00000000c66e4e00,0x00000000c7e00000)
 Metaspace       used 25904K, capacity 26936K, committed 27136K, reserved 1073152K
  class space    used 3483K, capacity 3728K, committed 3840K, reserved 1048576K
}
Event: 7,145 GC heap before
{Heap before GC invocations=11 (full 1):
 PSYoungGen      total 128000K, used 127968K [0x00000000ec980000, 0x00000000f6800000, 0x0000000100000000)
  eden space 119808K, 100% used [0x00000000ec980000,0x00000000f3e80000,0x00000000f3e80000)
  from space 8192K, 99% used [0x00000000f3e80000,0x00000000f4678220,0x00000000f4680000)
  to   space 9216K, 0% used [0x00000000f5f00000,0x00000000f5f00000,0x00000000f6800000)
 ParOldGen       total 34816K, used 11155K [0x00000000c5c00000, 0x00000000c7e00000, 0x00000000ec980000)
  object space 34816K, 32% used [0x00000000c5c00000,0x00000000c66e4e00,0x00000000c7e00000)
 Metaspace       used 32057K, capacity 33554K, committed 33920K, reserved 1079296K
  class space    used 4310K, capacity 4611K, committed 4736K, reserved 1048576K
Event: 7,171 GC heap after
Heap after GC invocations=11 (full 1):
 PSYoungGen      total 150016K, used 9184K [0x00000000ec980000, 0x00000000f8280000, 0x0000000100000000)
  eden space 140800K, 0% used [0x00000000ec980000,0x00000000ec980000,0x00000000f5300000)
  from space 9216K, 99% used [0x00000000f5f00000,0x00000000f67f8020,0x00000000f6800000)
  to   space 12288K, 0% used [0x00000000f5300000,0x00000000f5300000,0x00000000f5f00000)
 ParOldGen       total 34816K, used 16825K [0x00000000c5c00000, 0x00000000c7e00000, 0x00000000ec980000)
  object space 34816K, 48% used [0x00000000c5c00000,0x00000000c6c6e550,0x00000000c7e00000)
 Metaspace       used 32057K, capacity 33554K, committed 33920K, reserved 1079296K
  class space    used 4310K, capacity 4611K, committed 4736K, reserved 1048576K
}
Event: 7,505 GC heap before
{Heap before GC invocations=12 (full 1):
 PSYoungGen      total 150016K, used 83680K [0x00000000ec980000, 0x00000000f8280000, 0x0000000100000000)
  eden space 140800K, 52% used [0x00000000ec980000,0x00000000f1240390,0x00000000f5300000)
  from space 9216K, 99% used [0x00000000f5f00000,0x00000000f67f8020,0x00000000f6800000)
  to   space 12288K, 0% used [0x00000000f5300000,0x00000000f5300000,0x00000000f5f00000)
 ParOldGen       total 34816K, used 16825K [0x00000000c5c00000, 0x00000000c7e00000, 0x00000000ec980000)
  object space 34816K, 48% used [0x00000000c5c00000,0x00000000c6c6e550,0x00000000c7e00000)
 Metaspace       used 33686K, capacity 35306K, committed 35456K, reserved 1079296K
  class space    used 4528K, capacity 4869K, committed 4992K, reserved 1048576K
Event: 7,517 GC heap after
Heap after GC invocations=12 (full 1):
 PSYoungGen      total 153088K, used 5254K [0x00000000ec980000, 0x00000000f9f80000, 0x0000000100000000)
  eden space 140800K, 0% used [0x00000000ec980000,0x00000000ec980000,0x00000000f5300000)
  from space 12288K, 42% used [0x00000000f5300000,0x00000000f58219d8,0x00000000f5f00000)
  to   space 12288K, 0% used [0x00000000f9380000,0x00000000f9380000,0x00000000f9f80000)
 ParOldGen       total 34816K, used 25596K [0x00000000c5c00000, 0x00000000c7e00000, 0x00000000ec980000)
  object space 34816K, 73% used [0x00000000c5c00000,0x00000000c74ff0e0,0x00000000c7e00000)
 Metaspace       used 33686K, capacity 35306K, committed 35456K, reserved 1079296K
  class space    used 4528K, capacity 4869K, committed 4992K, reserved 1048576K
}
Event: 7,517 GC heap before
{Heap before GC invocations=13 (full 2):
 PSYoungGen      total 153088K, used 5254K [0x00000000ec980000, 0x00000000f9f80000, 0x0000000100000000)
  eden space 140800K, 0% used [0x00000000ec980000,0x00000000ec980000,0x00000000f5300000)
  from space 12288K, 42% used [0x00000000f5300000,0x00000000f58219d8,0x00000000f5f00000)
  to   space 12288K, 0% used [0x00000000f9380000,0x00000000f9380000,0x00000000f9f80000)
 ParOldGen       total 34816K, used 25596K [0x00000000c5c00000, 0x00000000c7e00000, 0x00000000ec980000)
  object space 34816K, 73% used [0x00000000c5c00000,0x00000000c74ff0e0,0x00000000c7e00000)
 Metaspace       used 33686K, capacity 35306K, committed 35456K, reserved 1079296K
  class space    used 4528K, capacity 4869K, committed 4992K, reserved 1048576K
Event: 7,607 GC heap after
Heap after GC invocations=13 (full 2):
 PSYoungGen      total 153088K, used 0K [0x00000000ec980000, 0x00000000f9f80000, 0x0000000100000000)
  eden space 140800K, 0% used [0x00000000ec980000,0x00000000ec980000,0x00000000f5300000)
  from space 12288K, 0% used [0x00000000f5300000,0x00000000f5300000,0x00000000f5f00000)
  to   space 12288K, 0% used [0x00000000f9380000,0x00000000f9380000,0x00000000f9f80000)
 ParOldGen       total 56320K, used 20466K [0x00000000c5c00000, 0x00000000c9300000, 0x00000000ec980000)
  object space 56320K, 36% used [0x00000000c5c00000,0x00000000c6ffca70,0x00000000c9300000)
 Metaspace       used 33686K, capacity 35306K, committed 35456K, reserved 1079296K
  class space    used 4528K, capacity 4869K, committed 4992K, reserved 1048576K
}
Event: 9,071 GC heap before
{Heap before GC invocations=14 (full 2):
 PSYoungGen      total 153088K, used 140800K [0x00000000ec980000, 0x00000000f9f80000, 0x0000000100000000)
  eden space 140800K, 100% used [0x00000000ec980000,0x00000000f5300000,0x00000000f5300000)
  from space 12288K, 0% used [0x00000000f5300000,0x00000000f5300000,0x00000000f5f00000)
  to   space 12288K, 0% used [0x00000000f9380000,0x00000000f9380000,0x00000000f9f80000)
 ParOldGen       total 56320K, used 20466K [0x00000000c5c00000, 0x00000000c9300000, 0x00000000ec980000)
  object space 56320K, 36% used [0x00000000c5c00000,0x00000000c6ffca70,0x00000000c9300000)
 Metaspace       used 38837K, capacity 40620K, committed 40832K, reserved 1085440K
  class space    used 5323K, capacity 5670K, committed 5760K, reserved 1048576K
Event: 9,109 GC heap after
Heap after GC invocations=14 (full 2):
 PSYoungGen      total 197632K, used 9003K [0x00000000ec980000, 0x00000000f9c80000, 0x0000000100000000)
  eden space 188416K, 0% used [0x00000000ec980000,0x00000000ec980000,0x00000000f8180000)
  from space 9216K, 97% used [0x00000000f9380000,0x00000000f9c4ac00,0x00000000f9c80000)
  to   space 12800K, 0% used [0x00000000f8380000,0x00000000f8380000,0x00000000f9000000)
 ParOldGen       total 56320K, used 20474K [0x00000000c5c00000, 0x00000000c9300000, 0x00000000ec980000)
  object space 56320K, 36% used [0x00000000c5c00000,0x00000000c6ffea70,0x00000000c9300000)
 Metaspace       used 38837K, capacity 40620K, committed 40832K, reserved 1085440K
  class space    used 5323K, capacity 5670K, committed 5760K, reserved 1048576K
}
Event: 20,394 GC heap before
{Heap before GC invocations=15 (full 2):
 PSYoungGen      total 197632K, used 197419K [0x00000000ec980000, 0x00000000f9c80000, 0x0000000100000000)
  eden space 188416K, 100% used [0x00000000ec980000,0x00000000f8180000,0x00000000f8180000)
  from space 9216K, 97% used [0x00000000f9380000,0x00000000f9c4ac00,0x00000000f9c80000)
  to   space 12800K, 0% used [0x00000000f8380000,0x00000000f8380000,0x00000000f9000000)
 ParOldGen       total 56320K, used 20474K [0x00000000c5c00000, 0x00000000c9300000, 0x00000000ec980000)
  object space 56320K, 36% used [0x00000000c5c00000,0x00000000c6ffea70,0x00000000c9300000)
 Metaspace       used 47042K, capacity 49498K, committed 49792K, reserved 1091584K
  class space    used 6541K, capacity 6988K, committed 7040K, reserved 1048576K

